<?xml version="1.0" encoding="UTF-8"?>
<!-- Generated by org.testng.reporters.JUnitReportReporter -->
<testsuite hostname="RESTORED" failures="0" tests="1" name="com.ShoppersStack_TestScripts.TC_004_Verity_user_able_to_cancel_order_or_not" time="31.407" errors="0" timestamp="2025-02-27T19:29:17 IST" skipped="0">
  <testcase classname="com.ShoppersStack_TestScripts.TC_004_Verity_user_able_to_cancel_order_or_not" name="cancelOrder" time="31.407"/>
</testsuite> <!-- com.ShoppersStack_TestScripts.TC_004_Verity_user_able_to_cancel_order_or_not -->
