<?xml version="1.0" encoding="UTF-8"?>
<!-- Generated by org.testng.reporters.JUnitReportReporter -->
<testsuite hostname="RESTORED" failures="0" tests="1" name="com.ShoppersStack_TestScripts.TC_001_Verity_user_able_to_add_address_or_not" time="25.244" errors="0" timestamp="2025-02-27T19:18:49 IST" skipped="0">
  <testcase classname="com.ShoppersStack_TestScripts.TC_001_Verity_user_able_to_add_address_or_not" name="addAddress" time="25.244"/>
</testsuite> <!-- com.ShoppersStack_TestScripts.TC_001_Verity_user_able_to_add_address_or_not -->
