<?xml version="1.0" encoding="UTF-8"?>
<!-- Generated by org.testng.reporters.JUnitReportReporter -->
<testsuite hostname="RESTORED" failures="0" tests="1" name="com.ShoppersStack_TestScripts.TC_001_Verity_user_able_to_add_address_or_not_Test" time="70.668" errors="0" timestamp="2025-02-28T14:07:27 IST" skipped="0">
  <testcase classname="com.ShoppersStack_TestScripts.TC_001_Verity_user_able_to_add_address_or_not_Test" name="addAddress" time="70.668"/>
</testsuite> <!-- com.ShoppersStack_TestScripts.TC_001_Verity_user_able_to_add_address_or_not_Test -->
