<?xml version="1.0" encoding="UTF-8"?>
<!-- Generated by org.testng.reporters.JUnitReportReporter -->
<testsuite hostname="RESTORED" failures="0" tests="1" name="com.ShoppersStack_TestScripts.TC_001_Verity_user_able_to_add_address_or_not_Test" time="25.001" errors="0" timestamp="2025-03-04T12:36:27 IST" skipped="0">
  <testcase classname="com.ShoppersStack_TestScripts.TC_001_Verity_user_able_to_add_address_or_not_Test" name="addAddress" time="25.001"/>
</testsuite> <!-- com.ShoppersStack_TestScripts.TC_001_Verity_user_able_to_add_address_or_not_Test -->
