<?xml version="1.0" encoding="UTF-8"?>
<!-- Generated by org.testng.reporters.JUnitReportReporter -->
<testsuite hostname="RESTORED" failures="0" tests="1" name="com.ShoppersStack_TestScripts.TC_003_Verity_user_able_to_place_order_or_not" time="58.783" errors="0" timestamp="2025-02-27T19:22:52 IST" skipped="0">
  <testcase classname="com.ShoppersStack_TestScripts.TC_003_Verity_user_able_to_place_order_or_not" name="placeOrder" time="58.783"/>
</testsuite> <!-- com.ShoppersStack_TestScripts.TC_003_Verity_user_able_to_place_order_or_not -->
