<?xml version="1.0" encoding="UTF-8"?>
<!-- Generated by org.testng.reporters.JUnitReportReporter -->
<testsuite hostname="RESTORED" failures="0" tests="1" name="com.ShoppersStack_TestScripts.TC_003_Verity_user_able_to_place_order_or_not" time="37.054" errors="0" timestamp="2025-03-04T13:16:23 IST" skipped="0">
  <testcase classname="com.ShoppersStack_TestScripts.TC_003_Verity_user_able_to_place_order_or_not" name="placeOrder" time="37.054"/>
</testsuite> <!-- com.ShoppersStack_TestScripts.TC_003_Verity_user_able_to_place_order_or_not -->
