<?xml version="1.0" encoding="UTF-8"?>
<!-- Generated by org.testng.reporters.JUnitReportReporter -->
<testsuite hostname="RESTORED" failures="0" tests="1" name="com.ShoppersStack_TestScripts.TC_002_Verity_user_able_to_delete_address_or_not" time="20.912" errors="0" timestamp="2025-02-27T19:21:28 IST" skipped="0">
  <testcase classname="com.ShoppersStack_TestScripts.TC_002_Verity_user_able_to_delete_address_or_not" name="deleteAddress" time="20.912"/>
</testsuite> <!-- com.ShoppersStack_TestScripts.TC_002_Verity_user_able_to_delete_address_or_not -->
